<?xml version="1.0" encoding="UTF-8"?>
<!-- Generated by org.testng.reporters.JUnitXMLReporter -->
<testsuite hostname="LAPTOP-D2ATB4FR" ignored="0" name="Flipkart Test" tests="4" failures="0" timestamp="21 Oct 2018 17:03:44 GMT" time="264.844" errors="0">
  <testcase name="f" time="13.775" classname="TestCases.LoginToFlipkart"/>
  <testcase name="f" time="36.082" classname="TestCases.CheckCartIsEmpty"/>
  <testcase name="f" time="36.98" classname="TestCases.CheckMyAccountOptions"/>
  <testcase name="f" time="29.234" classname="TestCases.SearchProductAndSelect"/>
</testsuite> <!-- Flipkart Test -->
