<?xml version="1.0" encoding="UTF-8"?>
<!-- Generated by org.testng.reporters.JUnitXMLReporter -->
<testsuite hostname="LAPTOP-D2ATB4FR" ignored="0" name="Flipkart Test" tests="4" failures="0" timestamp="23 Nov 2018 09:09:32 GMT" time="187.691" errors="0">
  <testcase name="f" time="12.634" classname="TestCases.LoginToFlipkart"/>
  <testcase name="f" time="32.905" classname="TestCases.CheckCartIsEmpty"/>
  <testcase name="f" time="33.444" classname="TestCases.CheckMyAccountOptions"/>
  <testcase name="f" time="26.669" classname="TestCases.SearchProductAndSelect"/>
</testsuite> <!-- Flipkart Test -->
