<?xml version="1.0" encoding="UTF-8"?>
<testng-results skipped="0" failed="0" ignored="0" total="1" passed="1">
  <reporter-output>
  </reporter-output>
  <suite name="Default suite" duration-ms="33541" started-at="2018-11-23T08:58:55Z" finished-at="2018-11-23T08:59:29Z">
    <groups>
    </groups>
    <test name="Default test" duration-ms="33541" started-at="2018-11-23T08:58:55Z" finished-at="2018-11-23T08:59:29Z">
      <class name="TestCases.LoginToFlipkart">
        <test-method status="PASS" signature="setUp()[pri:0, instance:TestCases.LoginToFlipkart@33723e30]" name="setUp" is-config="true" duration-ms="22674" started-at="2018-11-23T08:58:55Z" finished-at="2018-11-23T08:59:18Z">
          <reporter-output>
          </reporter-output>
        </test-method> <!-- setUp -->
        <test-method status="PASS" signature="f()[pri:0, instance:TestCases.LoginToFlipkart@33723e30]" name="f" duration-ms="9800" started-at="2018-11-23T08:59:18Z" finished-at="2018-11-23T08:59:28Z">
          <reporter-output>
          </reporter-output>
        </test-method> <!-- f -->
        <test-method status="PASS" signature="aterMethod()[pri:0, instance:TestCases.LoginToFlipkart@33723e30]" name="aterMethod" is-config="true" duration-ms="1011" started-at="2018-11-23T08:59:28Z" finished-at="2018-11-23T08:59:29Z">
          <reporter-output>
          </reporter-output>
        </test-method> <!-- aterMethod -->
      </class> <!-- TestCases.LoginToFlipkart -->
    </test> <!-- Default test -->
  </suite> <!-- Default suite -->
</testng-results>
